Change component parameters: Designator = "RPI1"; Footprint = "rpi"; UniqueID = "\NVOIFUQS"
Change component parameters. Clean all parameters for all variants
Change component parameters (AddParameter): Name = "Accessory Type"; Value = "Connector"; VariantName = "[No Variations]"
Change component parameters (AddParameter): Name = "Category"; Value = "Development Boards, Kits, Programmers"; VariantName = "[No Variations]"
Change component parameters (AddParameter): Name = "ComponentLink1Description"; Value = "https://cdn.sparkfun.com/datasheets/Dev/RaspberryPi/12313.pdf"; VariantName = "[No Variations]"
Change component parameters (AddParameter): Name = "ComponentLink1URL"; Value = "https://cdn.sparkfun.com/datasheets/Dev/RaspberryPi/12313.pdf"; VariantName = "[No Variations]"
Change component parameters (AddParameter): Name = "For Use With/Related Products"; Value = "Raspberry Pi"; VariantName = "[No Variations]"
Change component parameters (AddParameter): Name = "Manufacturer"; Value = "SparkFun Electronics"; VariantName = "[No Variations]"
Change component parameters (AddParameter): Name = "Manufacturer Part Number"; Value = "PRT-14017"; VariantName = "[No Variations]"
Change component parameters (AddParameter): Name = "Nils Minor"; Value = "author"; VariantName = "[No Variations]"
Change component parameters (AddParameter): Name = "nilsminor@web.de"; Value = "mail"; VariantName = "[No Variations]"
Change component parameters (AddParameter): Name = "Part Status"; Value = "Active"; VariantName = "[No Variations]"
Change component parameters (AddParameter): Name = "Pricing 1"; Value = "1=1.84 (EUR)"; VariantName = "[No Variations]"
Change component parameters (AddParameter): Name = "RoHS"; Value = "RoHS Compliant"; VariantName = "[No Variations]"
Change component parameters (AddParameter): Name = "Stock 1"; Value = "150"; VariantName = "[No Variations]"
Change component parameters (AddParameter): Name = "Supplier 1"; Value = "Digi-Key"; VariantName = "[No Variations]"
Change component parameters (AddParameter): Name = "Supplier Part Number 1"; Value = "1568-1462-ND"; VariantName = "[No Variations]"
Added Pin To Net: NetName=+3V3 Pin=RPI1-1
Added Pin To Net: NetName=+5V Pin=RPI1-2
Added Pin To Net: NetName=NetRPI1_3 Pin=RPI1-3
Added Pin To Net: NetName=+5V Pin=RPI1-4
Added Pin To Net: NetName=NetRPI1_5 Pin=RPI1-5
Added Pin To Net: NetName=GND Pin=RPI1-6
Added Pin To Net: NetName=NetRPI1_7 Pin=RPI1-7
Added Pin To Net: NetName=NetRPI1_8 Pin=RPI1-8
Added Pin To Net: NetName=GND Pin=RPI1-9
Added Pin To Net: NetName=NetRPI1_10 Pin=RPI1-10
Added Pin To Net: NetName=NetRPI1_11 Pin=RPI1-11
Added Pin To Net: NetName=NetRPI1_13 Pin=RPI1-13
Added Pin To Net: NetName=GND Pin=RPI1-14
Added Pin To Net: NetName=NetRPI1_15 Pin=RPI1-15
Added Pin To Net: NetName=NetRPI1_16 Pin=RPI1-16
Added Pin To Net: NetName=+3V3 Pin=RPI1-17
Added Pin To Net: NetName=NetRPI1_18 Pin=RPI1-18
Added Pin To Net: NetName=NetRPI1_19 Pin=RPI1-19
Added Pin To Net: NetName=GND Pin=RPI1-20
Added Pin To Net: NetName=NetRPI1_21 Pin=RPI1-21
Added Pin To Net: NetName=NetRPI1_22 Pin=RPI1-22
Added Pin To Net: NetName=NetRPI1_23 Pin=RPI1-23
Added Pin To Net: NetName=NetRPI1_24 Pin=RPI1-24
Added Pin To Net: NetName=GND Pin=RPI1-25
Added Pin To Net: NetName=NetRPI1_26 Pin=RPI1-26
Added Pin To Net: NetName=NetRPI1_29 Pin=RPI1-29
Added Pin To Net: NetName=GND Pin=RPI1-30
Added Pin To Net: NetName=NetRPI1_31 Pin=RPI1-31
Added Pin To Net: NetName=NetRPI1_32 Pin=RPI1-32
Added Pin To Net: NetName=NetRPI1_33 Pin=RPI1-33
Added Pin To Net: NetName=GND Pin=RPI1-34
Added Pin To Net: NetName=NetRPI1_35 Pin=RPI1-35
Added Pin To Net: NetName=NetRPI1_36 Pin=RPI1-36
Added Pin To Net: NetName=NetRPI1_37 Pin=RPI1-37
Added Pin To Net: NetName=NetRPI1_38 Pin=RPI1-38
Added Pin To Net: NetName=GND Pin=RPI1-39
Added Pin To Net: NetName=NetRPI1_40 Pin=RPI1-40
Added Pin To Net: NetName=NetRPI1_12 Pin=RPI1-12
Added Net: Name=NetRPI1_12
Change Class Name : Old Net Name=RPI 3 New Net Name=AIOESM
Added Member To Class: ClassName=AIOESM Member=Component RPI1 RPI GPIO Connector
Added Room: Name=AIOESM
